<?xml version="1.0" encoding="UTF-8"?>
<!-- Generated by org.testng.reporters.JUnitXMLReporter -->
<testsuite hostname="DESKTOP-JKI4BIL" ignored="0" name="Test" tests="1" failures="1" timestamp="24 Jan 2019 09:33:45 GMT" time="0.049" errors="0">
  <testcase name="pomcalls" time="0.03" classname="TestNg.Maven.Pom">
    <failure type="java.lang.NullPointerException">
      <![CDATA[java.lang.NullPointerException
at java.io.File.<init>(Unknown Source)
at com.relevantcodes.extentreports.Report.setFilePath(Report.java:516)
at com.relevantcodes.extentreports.ExtentReports.<init>(ExtentReports.java:72)
at com.relevantcodes.extentreports.ExtentReports.<init>(ExtentReports.java:407)
at TestNg.Maven.NewTest.Workingwithbrowser(NewTest.java:24)
at TestNg.Maven.NewTest.callchrome(NewTest.java:50)
at TestNg.Maven.Pom.pomcalls(Pom.java:12)
... Removed 25 stack frames]]>
    </failure>
  </testcase> <!-- pomcalls -->
</testsuite> <!-- Test -->
